[2024-01-30 16:35:17,693] multiqc                                            [DEBUG  ]  This is MultiQC v1.19
[2024-01-30 16:35:17,695] multiqc                                            [DEBUG  ]  Command used: /root/miniconda3/envs/py3.11/bin/multiqc -d .
[2024-01-30 16:35:18,017] multiqc                                            [DEBUG  ]  Latest MultiQC version is v1.19
[2024-01-30 16:35:18,018] multiqc                                            [DEBUG  ]  Working dir : /mnt/c/Users/Oksana/Desktop/course_dataset
[2024-01-30 16:35:18,018] multiqc                                            [DEBUG  ]  Template    : default
[2024-01-30 16:35:18,018] multiqc                                            [DEBUG  ]  Running Python 3.11.7 | packaged by conda-forge | (main, Dec 23 2023, 14:43:09) [GCC 12.3.0]
[2024-01-30 16:35:18,018] multiqc                                            [INFO   ]  Prepending directory to sample names
[2024-01-30 16:35:18,019] multiqc                                            [DEBUG  ]  Analysing modules: custom_content, ccs, ngsderive, purple, conpair, lima, peddy, somalier, methylQA, mosdepth, phantompeakqualtools, qualimap, preseq, hifiasm, quast, qorts, rna_seqc, rockhopper, rsem, rseqc, busco, bustools, goleft_indexcov, gffcompare, disambiguate, supernova, deeptools, sargasso, verifybamid, mirtrace, happy, mirtop, sambamba, gopeaks, homer, hops, macs2, theta2, snpeff, gatk, htseq, bcftools, featureCounts, fgbio, dragen, dragen_fastqc, dedup, pbmarkdup, damageprofiler, mapdamage, biobambam2, jcvi, mtnucratio, picard, vep, bakta, prokka, qc3C, nanostat, samblaster, samtools, sexdeterrmine, seqera_cli, eigenstratdatabasetools, bamtools, jellyfish, vcftools, longranger, stacks, varscan2, snippy, umitools, truvari, bbmap, bismark, biscuit, diamond, hicexplorer, hicup, hicpro, salmon, kallisto, slamdunk, star, hisat2, tophat, bowtie2, bowtie1, cellranger, snpsplit, odgi, pangolin, nextclade, freyja, humid, kat, leehom, librarian, adapterRemoval, bbduk, clipandmerge, cutadapt, flexbar, sourmash, kaiju, bracken, kraken, malt, motus, trimmomatic, sickle, skewer, sortmerna, biobloomtools, fastq_screen, afterqc, fastp, fastqc, filtlong, prinseqplusplus, pychopper, porechop, pycoqc, minionqc, anglerfish, multivcfanalyzer, clusterflow, checkqc, bcl2fastq, bclconvert, interop, ivar, flash, seqyclean, optitype, whatshap, xenome, xengsort
[2024-01-30 16:35:18,020] multiqc                                            [DEBUG  ]  Using temporary directory for creating report: /tmp/tmpz__o49vo
[2024-01-30 16:35:18,021] multiqc                                            [INFO   ]  Search path : /mnt/c/Users/Oksana/Desktop/course_dataset
[2024-01-30 16:35:27,934] multiqc                                            [DEBUG  ]  Summary of files that were skipped by the search: [skipped_file_contents_search_errors: 985] // [skipped_module_specific_max_filesize: 462] // [skipped_no_match: 55] // [skipped_ignore_pattern: 12]
[2024-01-30 16:35:28,607] multiqc.plots.bargraph                             [DEBUG  ]  Using matplotlib version 3.8.2
[2024-01-30 16:35:28,608] multiqc.plots.linegraph                            [DEBUG  ]  Using matplotlib version 3.8.2
[2024-01-30 16:35:28,608] multiqc                                            [DEBUG  ]  No samples found: custom_content
[2024-01-30 16:35:28,679] multiqc.modules.kallisto.kallisto                  [INFO   ]  Found 10 reports
[2024-01-30 16:35:28,692] multiqc.modules.fastp.fastp                        [INFO   ]  Found 1 reports
[2024-01-30 16:35:28,692] multiqc.modules.fastp.fastp                        [DEBUG  ]  fastp JSON did not have a 'adapter_cutting' key, skipping: 'fastp | SRR8668755'
[2024-01-30 16:35:28,692] multiqc.modules.fastp.fastp                        [DEBUG  ]  Could not calculate 'pct_adapter' (KeyError): fastp | SRR8668755
[2024-01-30 16:35:28,692] multiqc.modules.fastp.fastp                        [DEBUG  ]  No duplication rate plot data: fastp | SRR8668755
[2024-01-30 16:35:28,692] multiqc.modules.fastp.fastp                        [DEBUG  ]  No insert size plot data: fastp | SRR8668755
[2024-01-30 16:35:28,692] multiqc.modules.fastp.fastp                        [DEBUG  ]  Read quality read2_before_filtering not found: fastp | SRR8668755
[2024-01-30 16:35:28,692] multiqc.modules.fastp.fastp                        [DEBUG  ]  Content curve data read2_before_filtering not found: fastp | SRR8668755
[2024-01-30 16:35:28,692] multiqc.modules.fastp.fastp                        [DEBUG  ]  Read quality read2_after_filtering not found: fastp | SRR8668755
[2024-01-30 16:35:28,692] multiqc.modules.fastp.fastp                        [DEBUG  ]  Content curve data read2_after_filtering not found: fastp | SRR8668755
[2024-01-30 16:35:28,853] multiqc.modules.fastqc.fastqc                      [INFO   ]  Found 11 reports
[2024-01-30 16:35:28,900] multiqc.utils.software_versions                    [DEBUG  ]  Reading software versions from config.software_versions
[2024-01-30 16:35:28,917] multiqc                                            [DEBUG  ]  Compressing plot data
[2024-01-30 16:35:29,111] multiqc                                            [INFO   ]  Report      : multiqc_report.html
[2024-01-30 16:35:29,111] multiqc                                            [INFO   ]  Data        : multiqc_data
[2024-01-30 16:35:29,111] multiqc                                            [DEBUG  ]  Moving data file from '/tmp/tmpz__o49vo/multiqc_data' to '/mnt/c/Users/Oksana/Desktop/course_dataset/multiqc_data'
[2024-01-30 16:35:29,263] multiqc                                            [DEBUG  ]  Full report path: /mnt/c/Users/Oksana/Desktop/course_dataset/multiqc_report.html
[2024-01-30 16:35:29,357] multiqc                                            [INFO   ]  MultiQC complete
